2023-08-28 11:54:57.616 [info] Added views:workbench.panel.markers.view in workbench.panel.markers
2023-08-28 11:54:57.616 [info] Added views:workbench.panel.output in workbench.panel.output
2023-08-28 11:54:57.616 [info] Added views:terminal in terminal
2023-08-28 11:54:57.616 [info] Added views:outline in workbench.view.explorer
2023-08-28 11:54:57.616 [info] Added views:workbench.scm in workbench.view.scm
2023-08-28 11:54:57.616 [info] Added views:workbench.view.search in workbench.view.search
2023-08-28 11:54:57.616 [info] Added views:timeline in workbench.view.explorer
2023-08-28 11:54:57.616 [info] Added views:workbench.explorer.emptyView in workbench.view.explorer
2023-08-28 11:54:58.480 [info] Added views:workbench.debug.welcome in workbench.view.debug
2023-08-28 11:55:03.951 [info] Added views:workbench.panel.repl.view in workbench.panel.repl
2023-08-28 11:55:37.178 [info] Added views:workbench.panel.markers.view in workbench.panel.markers
2023-08-28 11:55:37.178 [info] Added views:workbench.panel.output in workbench.panel.output
2023-08-28 11:55:37.178 [info] Added views:terminal in terminal
2023-08-28 11:55:37.178 [info] Added views:outline in workbench.view.explorer
2023-08-28 11:55:37.178 [info] Added views:workbench.scm in workbench.view.scm
2023-08-28 11:55:37.178 [info] Added views:workbench.view.search in workbench.view.search
2023-08-28 11:55:37.178 [info] Added views:timeline in workbench.view.explorer
2023-08-28 11:55:37.178 [info] Added views:workbench.explorer.fileView in workbench.view.explorer
2023-08-28 11:55:39.427 [info] Added views:workbench.debug.variablesView,workbench.debug.watchExpressionsView,workbench.debug.callStackView,workbench.debug.breakPointsView in workbench.view.debug
2023-08-28 11:55:40.545 [info] Added views:workbench.panel.repl.view in workbench.panel.repl
2023-08-28 11:55:40.555 [info] Removed views:workbench.debug.breakPointsView,workbench.debug.callStackView,workbench.debug.watchExpressionsView,workbench.debug.variablesView from workbench.view.debug
2023-08-28 11:55:40.555 [info] Added views:workbench.debug.welcome in workbench.view.debug
